21:29:59.989 [main                     ] DEBUG Logger               - Configured Logger
21:30:00.044 [main                     ] DEBUG GameApplication      - Logging settings
Title: Hello!
Version: 0.0
Width: 800
Height: 600
Fullscreen: false
Intro: false
Profiling: false
Single step:false
App Mode: DEVELOPER
Menu Key: ESCAPE
Stage Style: DECORATED
Scene Factory: class com.almasb.fxgl.app.scene.SceneFactory

21:30:02.170 [JavaFX Application Thread] DEBUG FXGLApplication      - Initializing FXGL
21:30:02.180 [JavaFX Application Thread] INFO  Engine               - FXGL-17.3 (30.03.2023 11.49) on WINDOWS (J:20.0.2 FX:20.0.1)
21:30:02.181 [JavaFX Application Thread] DEBUG Engine               - JRE Vendor Name: Oracle Corporation
21:30:02.181 [JavaFX Application Thread] DEBUG Engine               - Running on OS: Windows 11 version 10.0
21:30:02.182 [JavaFX Application Thread] DEBUG Engine               - Architecture: amd64
21:30:02.182 [JavaFX Application Thread] INFO  Engine               - Source code and latest versions at: https://github.com/AlmasB/FXGL
21:30:02.182 [JavaFX Application Thread] INFO  Engine               -       Ask questions and discuss at: https://github.com/AlmasB/FXGL/discussions
21:30:02.182 [JavaFX Application Thread] INFO  Engine               -              Join the FXGL chat at: https://gitter.im/AlmasB/FXGL
21:30:02.450 [JavaFX Application Thread] DEBUG PrimaryStageWindow   - Creating a JavaFX scene
21:30:02.570 [JavaFX Application Thread] DEBUG PrimaryStageWindow   - Target settings size: 800.0 x 600.0
21:30:02.571 [JavaFX Application Thread] DEBUG PrimaryStageWindow   - Scaled scene size:    800.0 x 600.0
21:30:02.571 [JavaFX Application Thread] DEBUG PrimaryStageWindow   - Scaled ratio: (1.0, 1.0)
21:30:02.573 [JavaFX Application Thread] DEBUG PrimaryStageWindow   - Set initial scene to FXGLStartupScene
21:30:02.582 [JavaFX Application Thread] DEBUG PrimaryStageWindow   - Opening main window
21:30:02.815 [JavaFX Application Thread] DEBUG PrimaryStageWindow   - Window border size: (16.0, 39.0)
21:30:02.816 [JavaFX Application Thread] DEBUG PrimaryStageWindow   - Scaled size: 800.0 x 600.0
21:30:02.816 [JavaFX Application Thread] DEBUG PrimaryStageWindow   - Scaled ratio: (1.0, 1.0)
21:30:02.817 [JavaFX Application Thread] DEBUG PrimaryStageWindow   - Scene size: 800.0 x 600.0
21:30:02.818 [JavaFX Application Thread] DEBUG PrimaryStageWindow   - Stage size: 816.0 x 639.0
21:30:02.841 [FXGL Background Thread 1 ] DEBUG Engine               - Initializing environment variables
21:30:02.971 [FXGL Background Thread 1 ] DEBUG FXGLAssetLoaderServi - User app class for loading assets: class com.hackathon.game.HelloApplication
21:30:02.971 [FXGL Background Thread 1 ] DEBUG GameApplicationServi - Applying CSS: fxgl_dark.css
21:30:02.974 [FXGL Background Thread 1 ] DEBUG FXGLAssetLoaderServi - Loading from file system: jar:file:///C:/Users/shoya/.m2/repository/com/github/almasb/fxgl/17.3/fxgl-17.3.jar!/fxglassets/ui/css/fxgl_dark.css
21:30:03.105 [FXGL Background Thread 1 ] DEBUG GameApplicationServi - Initializing application scenes
21:30:03.194 [FXGL Background Thread 1 ] DEBUG GameWorld            - Game world initialized
21:30:03.638 [FXGL Background Thread 1 ] DEBUG PhysicsWorld         - Physics world initialized: appHeight=600, physics.ppm=50.0
21:30:03.638 [FXGL Background Thread 1 ] DEBUG PhysicsWorld         - Using strategy: BRUTE_FORCE
21:30:03.642 [FXGL Background Thread 1 ] DEBUG GameScene            - Game scene initialized: 800x600
21:30:03.743 [FXGL Background Thread 1 ] DEBUG FXGL.DefaultMenu     - createMenuBodyGameMenu()
21:30:04.653 [FXGL Background Thread 1 ] DEBUG FXGL.DefaultMenu     - createOptionsMenu()
21:30:05.071 [FXGL Background Thread 1 ] DEBUG FXGLAssetLoaderServi - Loading from file system: jar:file:///C:/Users/shoya/.m2/repository/com/github/almasb/fxgl/17.3/fxgl-17.3.jar!/fxglassets/textures/particles/smoke.png
21:30:05.617 [FXGL Background Thread 1 ] DEBUG FXGLAssetLoaderServi - Loading from file system: jar:file:///C:/Users/shoya/.m2/repository/com/github/almasb/fxgl/17.3/fxgl-17.3.jar!/fxglassets/textures/particles/trace_horizontal.png
21:30:05.657 [FXGL Background Thread 1 ] DEBUG GameApplicationServi - Application scenes initialized
21:30:05.693 [FXGL Background Thread 1 ] DEBUG SystemBundleService  - Loading default FXGL system data
21:30:05.695 [FXGL Background Thread 1 ] DEBUG UpdaterService       - Checking for updates
21:30:05.705 [FXGL Background Thread 1 ] DEBUG FXGLApplication      - Loading default localization
21:30:05.706 [FXGL Background Thread 1 ] DEBUG FXGLAssetLoaderServi - Loading from file system: jar:file:///C:/Users/shoya/.m2/repository/com/github/almasb/fxgl/17.3/fxgl-17.3.jar!/fxglassets/languages/english.lang
21:30:05.709 [FXGL Background Thread 4 ] DEBUG FXGLApplication      - Loading fonts
21:30:05.710 [FXGL Background Thread 4 ] DEBUG FXGLAssetLoaderServi - Loading from file system: jar:file:///C:/Users/shoya/.m2/repository/com/github/almasb/fxgl/17.3/fxgl-17.3.jar!/fxglassets/ui/fonts/VarelaRound-Regular.ttf
21:30:05.749 [FXGL Background Thread 1 ] INFO  FXGLApplication      - FXGL initialization took: 2.907 sec
21:30:05.751 [JavaFX Application Thread] DEBUG FXGLAssetLoaderServi - Loading from file system: jar:file:///C:/Users/shoya/.m2/repository/com/github/almasb/fxgl/17.3/fxgl-17.3.jar!/fxglassets/textures/fxgl_icon.png
21:30:05.782 [JavaFX Application Thread] DEBUG FXGLAssetLoaderServi - Loading from file system: jar:file:///C:/Users/shoya/.m2/repository/com/github/almasb/fxgl/17.3/fxgl-17.3.jar!/fxglassets/textures/fxgl_default_cursor.png
21:30:05.803 [JavaFX Application Thread] DEBUG Input                - Registered new binding: Screenshot - CTRL+8
21:30:05.804 [JavaFX Application Thread] DEBUG Input                - Registered new binding: System info dump - CTRL+9
21:30:05.806 [JavaFX Application Thread] DEBUG Input                - Registered new binding: Restart - CTRL+R
21:30:05.808 [JavaFX Application Thread] DEBUG Input                - Registered new binding: Toggle Debug Camera - CTRL+7
21:30:05.816 [JavaFX Application Thread] DEBUG LoopRunner           - Starting loop
21:30:05.816 [JavaFX Application Thread] DEBUG LoopRunner           - Initializing JavaFX AnimationTimerLoop
21:30:05.823 [JavaFX Application Thread] DEBUG GameApplicationServi - Starting new game
21:30:05.824 [JavaFX Application Thread] DEBUG Input                - Clearing active input actions
21:30:05.847 [JavaFX Application Thread] DEBUG GameApplicationServi - Removing overlay from FXGLStartupScene and adding to FXGLLoadingScene
21:30:05.848 [JavaFX Application Thread] DEBUG PrimaryStageWindow   - FXGLStartupScene -> FXGLLoadingScene
21:30:05.848 [JavaFX Application Thread] DEBUG GameApplicationServi - Clearing previous game
21:30:05.848 [JavaFX Application Thread] DEBUG GameScene            - Clearing game scene
21:30:05.848 [JavaFX Application Thread] DEBUG GameWorld            - Clearing game world
21:30:05.848 [JavaFX Application Thread] DEBUG PhysicsWorld         - Clearing physics world
21:30:05.853 [FXGL Background Thread 1 ] DEBUG FXGLApplication      - Initializing game
21:30:05.858 [FXGL Background Thread 1 ] INFO  FXGLApplication      - Game initialization took: 0.005 sec
21:30:05.965 [JavaFX Application Thread] DEBUG Input                - Clearing active input actions
21:30:05.970 [FXGL Background Thread 4 ] DEBUG FXGLAssetLoaderServi - Loading from file system: jar:file:///C:/Users/shoya/.m2/repository/com/github/almasb/fxgl/17.3/fxgl-17.3.jar!/fxglassets/ui/fonts/Abel-Regular.ttf
21:30:05.978 [JavaFX Application Thread] DEBUG GameApplicationServi - Removing overlay from FXGLLoadingScene and adding to GameScene
21:30:05.979 [JavaFX Application Thread] DEBUG PrimaryStageWindow   - FXGLLoadingScene -> GameScene
21:30:05.995 [FXGL Background Thread 4 ] DEBUG FXGLAssetLoaderServi - Loading from file system: jar:file:///C:/Users/shoya/.m2/repository/com/github/almasb/fxgl/17.3/fxgl-17.3.jar!/fxglassets/ui/fonts/TerminalLandMono-Regular.otf
21:30:06.015 [FXGL Background Thread 4 ] DEBUG FXGLAssetLoaderServi - Loading from file system: jar:file:///C:/Users/shoya/.m2/repository/com/github/almasb/fxgl/17.3/fxgl-17.3.jar!/fxglassets/ui/fonts/Courier-Prime.ttf
21:30:06.223 [JavaFX Application Thread] DEBUG FXGLApplication      - Registering font factories with UI factory
21:30:07.139 [FXGL Background Thread 2 ] INFO  UpdaterService       - Your current version:  17.3
21:30:07.139 [FXGL Background Thread 2 ] INFO  UpdaterService       - Latest stable version: 21.1
21:30:08.034 [JavaFX Application Thread] DEBUG FXGLApplication      - Exiting FXGL
21:30:08.034 [JavaFX Application Thread] DEBUG LoopRunner           - Stopping loop
21:30:08.034 [JavaFX Application Thread] DEBUG SystemBundleService  - Saving FXGL system data
21:30:08.070 [JavaFX Application Thread] DEBUG FileSystemAccess     - Writing to: C:\Users\shoya\IdeaProjects\game\system\fxgl.bundle
21:30:08.083 [JavaFX Application Thread] DEBUG Async                - Shutting down background threads
21:30:08.083 [JavaFX Application Thread] DEBUG PrimaryStageWindow   - Closing main window
21:30:08.109 [JavaFX Application Thread] DEBUG Logger               - Closing Logger
